#
# There is insufficient memory for the Java Runtime Environment to continue.
# Native memory allocation (mmap) failed to map 65536 bytes for Failed to commit area from 0x0000021035910000 to 0x0000021035920000 of length 65536.
# Possible reasons:
#   The system is out of physical RAM or swap space
#   The process is running with CompressedOops enabled, and the Java Heap may be blocking the growth of the native heap
# Possible solutions:
#   Reduce memory load on the system
#   Increase physical memory or swap space
#   Check if swap backing store is full
#   Decrease Java heap size (-Xmx/-Xms)
#   Decrease number of Java threads
#   Decrease Java thread stack sizes (-Xss)
#   Set larger code cache with -XX:ReservedCodeCacheSize=
# This output file may be truncated or incomplete.
#
#  Out of Memory Error (./src/hotspot/os/windows/os_windows.cpp:3386), pid=47052, tid=50668
#
# JRE version:  (11.0.16.1+1) (build )
# Java VM: OpenJDK 64-Bit Server VM (11.0.16.1+1-LTS, mixed mode, sharing, tiered, compressed oops, g1 gc, windows-amd64)
# No core dump will be written. Minidumps are not enabled by default on client versions of Windows
#

---------------  S U M M A R Y ------------

Command Line: 

Host: 13th Gen Intel(R) Core(TM) i9-13900K, 32 cores, 15G,  Windows 11 , 64 bit Build 23606 (10.0.23606.1000)
Time: Tue Dec 19 16:00:57 2023 SE Asia Standard Time elapsed time: 0.008081 seconds (0d 0h 0m 0s)

---------------  T H R E A D  ---------------

Current thread (0x000002101761a800):  JavaThread "Unknown thread" [_thread_in_vm, id=50668, stack(0x000000d1e8600000,0x000000d1e8700000)]

Stack: [0x000000d1e8600000,0x000000d1e8700000]
Native frames: (J=compiled Java code, j=interpreted, Vv=VM code, C=native code)
V  [jvm.dll+0x62652a]
V  [jvm.dll+0x7b3249]
V  [jvm.dll+0x7b4938]
V  [jvm.dll+0x7b5013]
V  [jvm.dll+0x24fca8]
V  [jvm.dll+0x62383a]
V  [jvm.dll+0x617fe5]
V  [jvm.dll+0x307bac]
V  [jvm.dll+0x307a32]
V  [jvm.dll+0x30c860]
V  [jvm.dll+0x352bc5]
V  [jvm.dll+0x3525d0]
V  [jvm.dll+0x2e4ba8]
V  [jvm.dll+0x2e5d06]
V  [jvm.dll+0x78d097]
V  [jvm.dll+0x78e81f]
V  [jvm.dll+0x35f8e9]
V  [jvm.dll+0x770000]
V  [jvm.dll+0x3cd40f]
V  [jvm.dll+0x3cf7a1]
C  [jli.dll+0x5207]
C  [ucrtbase.dll+0x29363]
C  [KERNEL32.DLL+0x1257d]
C  [ntdll.dll+0x5aa58]


---------------  P R O C E S S  ---------------

Threads class SMR info:
_java_thread_list=0x00000210152b4890, length=0, elements={
}

Java Threads: ( => current thread )

Other Threads:
  0x0000021017631000 GCTaskThread "GC Thread#0" [stack: 0x000000d1e8700000,0x000000d1e8800000] [id=23792]
  0x0000021017690000 ConcurrentGCThread "G1 Main Marker" [stack: 0x000000d1e8800000,0x000000d1e8900000] [id=45652]
  0x0000021017692800 ConcurrentGCThread "G1 Conc#0" [stack: 0x000000d1e8900000,0x000000d1e8a00000] [id=51356]

[error occurred during error reporting (printing all threads), id 0xc0000005, EXCEPTION_ACCESS_VIOLATION (0xc0000005) at pc=0x00007ffd898f4377]

VM state:not at safepoint (not fully initialized)

VM Mutex/Monitor currently owned by a thread:  ([mutex/lock_event])
[0x000002101538b810] Heap_lock - owner thread: 0x000002101761a800

Heap address: 0x0000000703600000, size: 4042 MB, Compressed Oops mode: Non-zero based: 0x0000000703600000
Narrow klass base: 0x0000000000000000, Narrow klass shift: 0

GC Heap History (0 events):
No events

Deoptimization events (0 events):
No events

Classes redefined (0 events):
No events

Internal exceptions (0 events):
No events

Events (1 events):
Event: 0.004 Loaded shared library C:\Program Files\Microsoft\jdk-11.0.16.101-hotspot\bin\zip.dll


Dynamic libraries:
0x00007ff611cc0000 - 0x00007ff611ccd000 	C:\Program Files\Microsoft\jdk-11.0.16.101-hotspot\bin\java.exe
0x00007ffebf690000 - 0x00007ffebf8a7000 	C:\WINDOWS\SYSTEM32\ntdll.dll
0x00007ffebe6d0000 - 0x00007ffebe794000 	C:\WINDOWS\System32\KERNEL32.DLL
0x00007ffebcc90000 - 0x00007ffebd036000 	C:\WINDOWS\System32\KERNELBASE.dll
0x00007ffebcac0000 - 0x00007ffebcbd1000 	C:\WINDOWS\System32\ucrtbase.dll
0x00007ffe71cd0000 - 0x00007ffe71ce7000 	C:\Program Files\Microsoft\jdk-11.0.16.101-hotspot\bin\jli.dll
0x00007ffe6c3a0000 - 0x00007ffe6c3b5000 	C:\Program Files\Microsoft\jdk-11.0.16.101-hotspot\bin\VCRUNTIME140.dll
0x00007ffebf2f0000 - 0x00007ffebf49d000 	C:\WINDOWS\System32\USER32.dll
0x00007ffebcbe0000 - 0x00007ffebcc06000 	C:\WINDOWS\System32\win32u.dll
0x00007ffeafb90000 - 0x00007ffeafe23000 	C:\WINDOWS\WinSxS\amd64_microsoft.windows.common-controls_6595b64144ccf1df_6.0.23606.1000_none_f2311c6d8f48a7ce\COMCTL32.dll
0x00007ffebd500000 - 0x00007ffebd529000 	C:\WINDOWS\System32\GDI32.dll
0x00007ffebd670000 - 0x00007ffebd717000 	C:\WINDOWS\System32\msvcrt.dll
0x00007ffebd250000 - 0x00007ffebd369000 	C:\WINDOWS\System32\gdi32full.dll
0x00007ffebd1b0000 - 0x00007ffebd24a000 	C:\WINDOWS\System32\msvcp_win.dll
0x00007ffebe4e0000 - 0x00007ffebe511000 	C:\WINDOWS\System32\IMM32.DLL
0x00007ffe69ed0000 - 0x00007ffe69f6b000 	C:\Program Files\Microsoft\jdk-11.0.16.101-hotspot\bin\msvcp140.dll
0x00007ffd89600000 - 0x00007ffd8a18a000 	C:\Program Files\Microsoft\jdk-11.0.16.101-hotspot\bin\server\jvm.dll
0x00007ffebedb0000 - 0x00007ffebee61000 	C:\WINDOWS\System32\ADVAPI32.dll
0x00007ffebf5a0000 - 0x00007ffebf646000 	C:\WINDOWS\System32\sechost.dll
0x00007ffebd8a0000 - 0x00007ffebd9b7000 	C:\WINDOWS\System32\RPCRT4.dll
0x00007ffebd3e0000 - 0x00007ffebd3e8000 	C:\WINDOWS\System32\PSAPI.DLL
0x00007ffead700000 - 0x00007ffead709000 	C:\WINDOWS\SYSTEM32\WSOCK32.dll
0x00007ffeb43b0000 - 0x00007ffeb43e4000 	C:\WINDOWS\SYSTEM32\WINMM.dll
0x00007ffebd470000 - 0x00007ffebd4e1000 	C:\WINDOWS\System32\WS2_32.dll
0x00007ffeace70000 - 0x00007ffeace7a000 	C:\WINDOWS\SYSTEM32\VERSION.dll
0x00007ffebba50000 - 0x00007ffebba68000 	C:\WINDOWS\SYSTEM32\kernel.appcore.dll
0x00007ffea5cd0000 - 0x00007ffea5ce0000 	C:\Program Files\Microsoft\jdk-11.0.16.101-hotspot\bin\verify.dll
0x00007ffeadb00000 - 0x00007ffeadd33000 	C:\WINDOWS\SYSTEM32\DBGHELP.DLL
0x00007ffebea20000 - 0x00007ffebeda9000 	C:\WINDOWS\System32\combase.dll
0x00007ffebf4a0000 - 0x00007ffebf577000 	C:\WINDOWS\System32\OLEAUT32.dll
0x00007ffeadac0000 - 0x00007ffeadaf2000 	C:\WINDOWS\SYSTEM32\dbgcore.DLL
0x00007ffebcc10000 - 0x00007ffebcc8a000 	C:\WINDOWS\System32\bcryptPrimitives.dll
0x00007ffe6a8e0000 - 0x00007ffe6a908000 	C:\Program Files\Microsoft\jdk-11.0.16.101-hotspot\bin\java.dll
0x00007ffe91110000 - 0x00007ffe9111a000 	C:\Program Files\Microsoft\jdk-11.0.16.101-hotspot\bin\jimage.dll
0x00007ffe6a1d0000 - 0x00007ffe6a1e8000 	C:\Program Files\Microsoft\jdk-11.0.16.101-hotspot\bin\zip.dll

dbghelp: loaded successfully - version: 4.0.5 - missing functions: none
symbol engine: initialized successfully - sym options: 0x614 - pdb path: .;C:\Program Files\Microsoft\jdk-11.0.16.101-hotspot\bin;C:\WINDOWS\SYSTEM32;C:\WINDOWS\WinSxS\amd64_microsoft.windows.common-controls_6595b64144ccf1df_6.0.23606.1000_none_f2311c6d8f48a7ce;C:\Program Files\Microsoft\jdk-11.0.16.101-hotspot\bin\server

VM Arguments:
java_command: <unknown>
java_class_path (initial): <not set>
Launcher Type: SUN_STANDARD

[Global flags]
     intx CICompilerCount                          = 15                                        {product} {ergonomic}
     uint ConcGCThreads                            = 6                                         {product} {ergonomic}
     uint G1ConcRefinementThreads                  = 23                                        {product} {ergonomic}
   size_t G1HeapRegionSize                         = 1048576                                   {product} {ergonomic}
    uintx GCDrainStackTargetSize                   = 64                                        {product} {ergonomic}
   size_t InitialHeapSize                          = 266338304                                 {product} {ergonomic}
   size_t MarkStackSize                            = 4194304                                   {product} {ergonomic}
   size_t MaxHeapSize                              = 4238344192                                {product} {ergonomic}
   size_t MinHeapDeltaBytes                        = 1048576                                   {product} {ergonomic}
    uintx NonNMethodCodeHeapSize                   = 8182140                                {pd product} {ergonomic}
    uintx NonProfiledCodeHeapSize                  = 121738050                              {pd product} {ergonomic}
    uintx ProfiledCodeHeapSize                     = 121738050                              {pd product} {ergonomic}
    uintx ReservedCodeCacheSize                    = 251658240                              {pd product} {ergonomic}
     bool SegmentedCodeCache                       = true                                      {product} {ergonomic}
     bool UseCompressedClassPointers               = true                                 {lp64_product} {ergonomic}
     bool UseCompressedOops                        = true                                 {lp64_product} {ergonomic}
     bool UseG1GC                                  = true                                      {product} {ergonomic}
     bool UseLargePagesIndividualAllocation        = false                                  {pd product} {ergonomic}

Logging:
Log output configuration:
 #0: stdout all=warning uptime,level,tags
 #1: stderr all=off uptime,level,tags

Environment Variables:
PATH=C:\Program Files\Microsoft\jdk-11.0.16.101-hotspot\bin;C:\Program Files (x86)\VMware\VMware Workstation\bin\;C:\Program Files\Python310\Scripts\;C:\Program Files\Python310\;C:\Program Files\Common Files\Oracle\Java\javapath;C:\Program Files (x86)\Common Files\Oracle\Java\javapath;C:\Windows\system32;C:\Windows;C:\Windows\System32\Wbem;C:\Windows\System32\WindowsPowerShell\v1.0\;C:\Windows\System32\OpenSSH\;C:\Program Files\TortoiseSVN\bin;C:\Users\huynh\AppData\Local\Microsoft\WindowsApps;C:\Users\huynh\AppData\Local\Programs\Microsoft VS Code\bin;C:\scrcpy;C:\adb;C:\WINDOWS\system32;C:\WINDOWS;C:\WINDOWS\System32\Wbem;C:\WINDOWS\System32\WindowsPowerShell\v1.0\;C:\WINDOWS\System32\OpenSSH\;C:\Program Files\dotnet\;C:\Program Files\Microsoft SQL Server\150\Tools\Binn\;C:\Program Files\Microsoft SQL Server\Client SDK\ODBC\170\Tools\Binn\;C:\Program Files (x86)\WinMerge;C:\Users\huynh\AppData\Local\Microsoft\WindowsApps;C:\scrcpy;C:\apktool;C:\Users\huynh\AppData\Local\Programs\Microsoft VS Code\bin;C:\Users\huynh\AppData\Local\GitHubDesktop\bin;C:\Users\huynh\.dotnet\tools
USERNAME=huynh
OS=Windows_NT
PROCESSOR_IDENTIFIER=Intel64 Family 6 Model 183 Stepping 1, GenuineIntel
TMP=C:\Users\huynh\AppData\Local\Temp
TEMP=C:\Users\huynh\AppData\Local\Temp



---------------  S Y S T E M  ---------------

OS: Windows 11 , 64 bit Build 23606 (10.0.23606.1000)
OS uptime: 5 days 4:36 hours
Hyper-V role detected

CPU:total 32 (initial active 32) (16 cores per cpu, 2 threads per core) family 6 model 183 stepping 1 microcode 0x10b, cmov, cx8, fxsr, mmx, sse, sse2, sse3, ssse3, sse4.1, sse4.2, popcnt, avx, avx2, aes, clmul, erms, 3dnowpref, lzcnt, ht, tsc, tscinvbit, bmi1, bmi2, adx, sha, fma

Memory: 4k page, system-wide physical 16160M (533M free)
TotalPageFile size 41085M (AvailPageFile size 2M)
current process WorkingSet (physical memory assigned to process): 15M, peak: 15M
current process commit charge ("private bytes"): 353M, peak: 353M

vm_info: OpenJDK 64-Bit Server VM (11.0.16.1+1-LTS) for windows-amd64 JRE (11.0.16.1+1-LTS), built on Aug 20 2022 20:09:04 by "" with MS VC++ 15.9 (VS2017)

END.
